Pattern missing: 20220315-USDT deposit received-201.eml
Header missing: 20220315-USDT deposit received-201.eml
Pattern missing: 20220728-USDC deposit received-35.eml
Header missing: 20220728-USDC deposit received-35.eml
Pattern missing: 20211030-BTC deposit received-382.eml
Header missing: 20211030-BTC deposit received-382.eml
Pattern missing: 20210911-USDT deposit received-513.eml
Header missing: 20210911-USDT deposit received-513.eml
Pattern missing: 20211015-BTC deposit received-437.eml
Header missing: 20211015-BTC deposit received-437.eml
Pattern missing: 20220704-BTC deposit received-87.eml
Header missing: 20220704-BTC deposit received-87.eml
Pattern missing: 20210905-USDT deposit received-525.eml
Header missing: 20210905-USDT deposit received-525.eml
Pattern missing: 20210907-BTC deposit received-521.eml
Header missing: 20210907-BTC deposit received-521.eml
Pattern missing: 20220709-BTC deposit received-70.eml
Header missing: 20220709-BTC deposit received-70.eml
Pattern missing: 20220705-USDC deposit received-81.eml
Header missing: 20220705-USDC deposit received-81.eml
Pattern missing: 20211031-BTC deposit received-372.eml
Header missing: 20211031-BTC deposit received-372.eml
Pattern missing: 20220720-USDC deposit received-43.eml
Header missing: 20220720-USDC deposit received-43.eml
Pattern missing: 20211002-BTC deposit received-476.eml
Header missing: 20211002-BTC deposit received-476.eml
Pattern missing: 20211116-BTC deposit received-299.eml
Header missing: 20211116-BTC deposit received-299.eml
Pattern missing: 20220613-USDC deposit received-136.eml
Header missing: 20220613-USDC deposit received-136.eml
Pattern missing: 20211010-BTC deposit received-453.eml
Header missing: 20211010-BTC deposit received-453.eml
Pattern missing: 20211106-BTC deposit received-343.eml
Header missing: 20211106-BTC deposit received-343.eml
Pattern missing: 20211031-SOL deposit received-377.eml
Header missing: 20211031-SOL deposit received-377.eml
Pattern missing: 20211020-BTC deposit received-408.eml
Header missing: 20211020-BTC deposit received-408.eml
Pattern missing: 20220617-USDC deposit received-125.eml
Header missing: 20220617-USDC deposit received-125.eml
Pattern missing: 20220615-BTC deposit received-130.eml
Header missing: 20220615-BTC deposit received-130.eml
Pattern missing: 20220224-BTC deposit received-212.eml
Header missing: 20220224-BTC deposit received-212.eml
Pattern missing: 20220910-BUSD deposit received-8.eml
Header missing: 20220910-BUSD deposit received-8.eml
Pattern missing: 20211202-BTC deposit received-252.eml
Header missing: 20211202-BTC deposit received-252.eml
Pattern missing: 20210929-BTC deposit received-485.eml
Header missing: 20210929-BTC deposit received-485.eml
Pattern missing: 20220530-ETH deposit received-146.eml
Header missing: 20220530-ETH deposit received-146.eml
Pattern missing: 20211127-USDC deposit received-265.eml
Header missing: 20211127-USDC deposit received-265.eml
Pattern missing: 20220728-USDC deposit received-32.eml
Header missing: 20220728-USDC deposit received-32.eml
Pattern missing: 20220124-USDC deposit received-222.eml
Header missing: 20220124-USDC deposit received-222.eml
Pattern missing: 20220301-ETH deposit received-206.eml
Header missing: 20220301-ETH deposit received-206.eml
Pattern missing: 20211119-USDT deposit received-292.eml
Header missing: 20211119-USDT deposit received-292.eml
Pattern missing: 20211119-USDT deposit received-289.eml
Header missing: 20211119-USDT deposit received-289.eml
Pattern missing: 20211126-USDC deposit received-267.eml
Header missing: 20211126-USDC deposit received-267.eml
Pattern missing: 20211123-USDC deposit received-277.eml
Header missing: 20211123-USDC deposit received-277.eml
Pattern missing: 20220720-USDC deposit received-44.eml
Header missing: 20220720-USDC deposit received-44.eml
Pattern missing: 20211014-ETH deposit received-440.eml
Header missing: 20211014-ETH deposit received-440.eml
Pattern missing: 20211019-BTC deposit received-418.eml
Header missing: 20211019-BTC deposit received-418.eml
Pattern missing: 20220701-USDC deposit received-96.eml
Header missing: 20220701-USDC deposit received-96.eml
Pattern missing: 20220510-UST deposit received-179.eml
Header missing: 20220510-UST deposit received-179.eml
Pattern missing: 20220720-BTC deposit received-40.eml
Header missing: 20220720-BTC deposit received-40.eml
Pattern missing: 20210924-USDT deposit received-495.eml
Header missing: 20210924-USDT deposit received-495.eml
Pattern missing: 20211219-USDT deposit received-240.eml
Header missing: 20211219-USDT deposit received-240.eml
Pattern missing: 20210910-BTC deposit received-516.eml
Header missing: 20210910-BTC deposit received-516.eml
Pattern missing: 20220806-BTC deposit received-20.eml
Header missing: 20220806-BTC deposit received-20.eml
Pattern missing: 20211113-ETH deposit received-306.eml
Header missing: 20211113-ETH deposit received-306.eml
Pattern missing: 20211003-BTC deposit received-474.eml
Header missing: 20211003-BTC deposit received-474.eml
Pattern missing: 20211018-BTC deposit received-424.eml
Header missing: 20211018-BTC deposit received-424.eml
Pattern missing: 20211106-BTC deposit received-345.eml
Header missing: 20211106-BTC deposit received-345.eml
Pattern missing: 20211020-BTC deposit received-411.eml
Header missing: 20211020-BTC deposit received-411.eml
Pattern missing: 20211031-BTC deposit received-373.eml
Header missing: 20211031-BTC deposit received-373.eml
Pattern missing: 20211008-BTC deposit received-461.eml
Header missing: 20211008-BTC deposit received-461.eml
Pattern missing: 20220624-ETH deposit received-110.eml
Header missing: 20220624-ETH deposit received-110.eml
Pattern missing: 20220718-BUSD deposit received-49.eml
Header missing: 20220718-BUSD deposit received-49.eml
Pattern missing: 20220223-USDC deposit received-213.eml
Header missing: 20220223-USDC deposit received-213.eml
Pattern missing: 20220112-RUNE deposit received-233.eml
Header missing: 20220112-RUNE deposit received-233.eml
Pattern missing: 20211119-USDC deposit received-290.eml
Header missing: 20211119-USDC deposit received-290.eml
Pattern missing: 20211105-BTC deposit received-347.eml
Header missing: 20211105-BTC deposit received-347.eml
Pattern missing: 20220810-USDP deposit received-14.eml
Header missing: 20220810-USDP deposit received-14.eml
Pattern missing: 20220514-ETH deposit received-166.eml
Header missing: 20220514-ETH deposit received-166.eml
Pattern missing: 20211126-USDC deposit received-266.eml
Header missing: 20211126-USDC deposit received-266.eml
Pattern missing: 20220510-UST deposit received-178.eml
Header missing: 20220510-UST deposit received-178.eml
Pattern missing: 20210930-BTC deposit received-481.eml
Header missing: 20210930-BTC deposit received-481.eml
Pattern missing: 20220307-USDC deposit received-203.eml
Header missing: 20220307-USDC deposit received-203.eml
Pattern missing: 20220514-USDC deposit received-165.eml
Header missing: 20220514-USDC deposit received-165.eml
Pattern missing: 20220626-USDC deposit received-102.eml
Header missing: 20220626-USDC deposit received-102.eml
Pattern missing: 20211007-BTC deposit received-464.eml
Header missing: 20211007-BTC deposit received-464.eml
Pattern missing: 20211107-BTC deposit received-336.eml
Header missing: 20211107-BTC deposit received-336.eml
Pattern missing: 20211019-USDC deposit received-416.eml
Header missing: 20211019-USDC deposit received-416.eml
Pattern missing: 20211022-BTC deposit received-399.eml
Header missing: 20211022-BTC deposit received-399.eml
Pattern missing: 20210927-BTC deposit received-491.eml
Header missing: 20210927-BTC deposit received-491.eml
Pattern missing: 20220615-ETH deposit received-131.eml
Header missing: 20220615-ETH deposit received-131.eml
Pattern missing: 20211118-USDC deposit received-294.eml
Header missing: 20211118-USDC deposit received-294.eml
Pattern missing: 20220625-USDC deposit received-107.eml
Header missing: 20220625-USDC deposit received-107.eml
Pattern missing: 20210923-USDT deposit received-497.eml
Header missing: 20210923-USDT deposit received-497.eml
Pattern missing: 20210928-BTC deposit received-490.eml
Header missing: 20210928-BTC deposit received-490.eml
Pattern missing: 20211129-USDC deposit received-260.eml
Header missing: 20211129-USDC deposit received-260.eml
Pattern missing: 20211110-BTC deposit received-319.eml
Header missing: 20211110-BTC deposit received-319.eml
Pattern missing: 20211105-BTC deposit received-349.eml
Header missing: 20211105-BTC deposit received-349.eml
Pattern missing: 20211003-BTC deposit received-471.eml
Header missing: 20211003-BTC deposit received-471.eml
Pattern missing: 20220818-BUSD deposit received-11.eml
Header missing: 20220818-BUSD deposit received-11.eml
Pattern missing: 20220503-USDC deposit received-183.eml
Header missing: 20220503-USDC deposit received-183.eml
Pattern missing: 20211022-BTC deposit received-400.eml
Header missing: 20211022-BTC deposit received-400.eml
Pattern missing: 20211117-BTC deposit received-296.eml
Header missing: 20211117-BTC deposit received-296.eml
Pattern missing: 20211124-ETH deposit received-271.eml
Header missing: 20211124-ETH deposit received-271.eml
Pattern missing: 20211126-USDC deposit received-268.eml
Header missing: 20211126-USDC deposit received-268.eml
Pattern missing: 20220705-BTC deposit received-78.eml
Header missing: 20220705-BTC deposit received-78.eml
Pattern missing: 20211216-USDC deposit received-244.eml
Header missing: 20211216-USDC deposit received-244.eml
Pattern missing: 20220514-USDC deposit received-163.eml
Header missing: 20220514-USDC deposit received-163.eml
Pattern missing: 20211008-BTC deposit received-459.eml
Header missing: 20211008-BTC deposit received-459.eml
Pattern missing: 20210904-USDT deposit received-528.eml
Header missing: 20210904-USDT deposit received-528.eml
Pattern missing: 20220406-UST deposit received-190.eml
Header missing: 20220406-UST deposit received-190.eml
Pattern missing: 20211022-ETH deposit received-397.eml
Header missing: 20211022-ETH deposit received-397.eml
Pattern missing: 20211124-USDT deposit received-272.eml
Header missing: 20211124-USDT deposit received-272.eml
Pattern missing: 20220728-USDC deposit received-36.eml
Header missing: 20220728-USDC deposit received-36.eml
Pattern missing: 20220713-USDC deposit received-56.eml
Header missing: 20220713-USDC deposit received-56.eml
Pattern missing: 20220514-USDC deposit received-162.eml
Header missing: 20220514-USDC deposit received-162.eml
Pattern missing: 20211122-USDC deposit received-282.eml
Header missing: 20211122-USDC deposit received-282.eml
Pattern missing: 20211112-USDC deposit received-312.eml
Header missing: 20211112-USDC deposit received-312.eml
Pattern missing: 20220519-USDC deposit received-155.eml
Header missing: 20220519-USDC deposit received-155.eml
Pattern missing: 20211115-BTC deposit received-301.eml
Header missing: 20211115-BTC deposit received-301.eml
Pattern missing: 20211130-USDC deposit received-257.eml
Header missing: 20211130-USDC deposit received-257.eml
Pattern missing: 20211122-SOL deposit received-280.eml
Header missing: 20211122-SOL deposit received-280.eml
Pattern missing: 20211211-BTC deposit received-245.eml
Header missing: 20211211-BTC deposit received-245.eml
Pattern missing: 20220525-DAI deposit received-154.eml
Header missing: 20220525-DAI deposit received-154.eml
Pattern missing: 20211219-ETH deposit received-241.eml
Header missing: 20211219-ETH deposit received-241.eml
Pattern missing: 20211121-BTC deposit received-284.eml
Header missing: 20211121-BTC deposit received-284.eml
Pattern missing: 20211015-ETH deposit received-439.eml
Header missing: 20211015-ETH deposit received-439.eml
Pattern missing: 20211101-BTC deposit received-368.eml
Header missing: 20211101-BTC deposit received-368.eml
Pattern missing: 20220510-UST deposit received-175.eml
Header missing: 20220510-UST deposit received-175.eml
Pattern missing: 20210915-RAY deposit received-506.eml
Header missing: 20210915-RAY deposit received-506.eml
Pattern missing: 20220519-USDC deposit received-156.eml
Header missing: 20220519-USDC deposit received-156.eml
Pattern missing: 20211108-BTC deposit received-333.eml
Header missing: 20211108-BTC deposit received-333.eml
Pattern missing: 20220519-USDC deposit received-158.eml
Header missing: 20220519-USDC deposit received-158.eml
Pattern missing: 20211106-MSOL deposit received-341.eml
Header missing: 20211106-MSOL deposit received-341.eml
Pattern missing: 20211001-BTC deposit received-477.eml
Header missing: 20211001-BTC deposit received-477.eml
Pattern missing: 20211107-BTC deposit received-339.eml
Header missing: 20211107-BTC deposit received-339.eml
Pattern missing: 20211009-BTC deposit received-457.eml
Header missing: 20211009-BTC deposit received-457.eml
Pattern missing: 20211018-BTC deposit received-423.eml
Header missing: 20211018-BTC deposit received-423.eml
Pattern missing: 20211020-BTC deposit received-409.eml
Header missing: 20211020-BTC deposit received-409.eml
Pattern missing: 20211009-BTC deposit received-456.eml
Header missing: 20211009-BTC deposit received-456.eml
Pattern missing: 20220803-USDC deposit received-25.eml
Header missing: 20220803-USDC deposit received-25.eml
Pattern missing: 20220329-ETH deposit received-195.eml
Header missing: 20220329-ETH deposit received-195.eml
Pattern missing: 20220112-RUNE deposit received-232.eml
Header missing: 20220112-RUNE deposit received-232.eml
Pattern missing: 20220704-USDC deposit received-89.eml
Header missing: 20220704-USDC deposit received-89.eml
Pattern missing: 20211021-BTC deposit received-402.eml
Header missing: 20211021-BTC deposit received-402.eml
Pattern missing: 20210910-USDT deposit received-514.eml
Header missing: 20210910-USDT deposit received-514.eml
Pattern missing: 20210923-ETH deposit received-498.eml
Header missing: 20210923-ETH deposit received-498.eml
Pattern missing: 20211102-BTC deposit received-363.eml
Header missing: 20211102-BTC deposit received-363.eml
Pattern missing: 20220608-USDC deposit received-139.eml
Header missing: 20220608-USDC deposit received-139.eml
Pattern missing: 20220620-USDC deposit received-119.eml
Header missing: 20220620-USDC deposit received-119.eml
Pattern missing: 20220525-USDT deposit received-151.eml
Header missing: 20220525-USDT deposit received-151.eml
Pattern missing: 20211027-BTC deposit received-392.eml
Header missing: 20211027-BTC deposit received-392.eml
Pattern missing: 20211005-BTC deposit received-468.eml
Header missing: 20211005-BTC deposit received-468.eml
Pattern missing: 20220713-USDP deposit received-57.eml
Header missing: 20220713-USDP deposit received-57.eml
Pattern missing: 20220713-USDC deposit received-67.eml
Header missing: 20220713-USDC deposit received-67.eml
Pattern missing: 20220807-ETH deposit received-17.eml
Header missing: 20220807-ETH deposit received-17.eml
Pattern missing: 20211202-USDC deposit received-253.eml
Header missing: 20211202-USDC deposit received-253.eml
Pattern missing: 20220613-USDC deposit received-138.eml
Header missing: 20220613-USDC deposit received-138.eml
Pattern missing: 20211006-BTC deposit received-466.eml
Header missing: 20211006-BTC deposit received-466.eml
Pattern missing: 20211105-BTC deposit received-348.eml
Header missing: 20211105-BTC deposit received-348.eml
Pattern missing: 20220705-BTC deposit received-83.eml
Header missing: 20220705-BTC deposit received-83.eml
Pattern missing: 20210925-USDC deposit received-494.eml
Header missing: 20210925-USDC deposit received-494.eml
Pattern missing: 20210913-USDT deposit received-510.eml
Header missing: 20210913-USDT deposit received-510.eml
Pattern missing: 20211001-BTC deposit received-479.eml
Header missing: 20211001-BTC deposit received-479.eml
Pattern missing: 20220226-USDC deposit received-211.eml
Header missing: 20220226-USDC deposit received-211.eml
Pattern missing: 20220713-TRX deposit received-62.eml
Header missing: 20220713-TRX deposit received-62.eml
Pattern missing: 20220120-USDC deposit received-229.eml
Header missing: 20220120-USDC deposit received-229.eml
Pattern missing: 20220608-USDC deposit received-141.eml
Header missing: 20220608-USDC deposit received-141.eml
Pattern missing: 20211029-BTC deposit received-386.eml
Header missing: 20211029-BTC deposit received-386.eml
Pattern missing: 20211003-BTC deposit received-475.eml
Header missing: 20211003-BTC deposit received-475.eml
Pattern missing: 20210928-USDC deposit received-486.eml
Header missing: 20210928-USDC deposit received-486.eml
Pattern missing: 20220504-UST deposit received-182.eml
Header missing: 20220504-UST deposit received-182.eml
Pattern missing: 20220620-USDC deposit received-120.eml
Header missing: 20220620-USDC deposit received-120.eml
Pattern missing: 20211122-USDC deposit received-281.eml
Header missing: 20211122-USDC deposit received-281.eml
Pattern missing: 20220619-BTC deposit received-121.eml
Header missing: 20220619-BTC deposit received-121.eml
Pattern missing: 20220619-ETH deposit received-122.eml
Header missing: 20220619-ETH deposit received-122.eml
Pattern missing: 20211013-ETH deposit received-445.eml
Header missing: 20211013-ETH deposit received-445.eml
Pattern missing: 20220705-USDC deposit received-79.eml
Header missing: 20220705-USDC deposit received-79.eml
Pattern missing: 20220713-TRX deposit received-64.eml
Header missing: 20220713-TRX deposit received-64.eml
Pattern missing: 20220705-USDC deposit received-80.eml
Header missing: 20220705-USDC deposit received-80.eml
Pattern missing: 20211021-BTC deposit received-406.eml
Header missing: 20211021-BTC deposit received-406.eml
Pattern missing: 20220910-BUSD deposit received-10.eml
Header missing: 20220910-BUSD deposit received-10.eml
Pattern missing: 20211108-BTC deposit received-329.eml
Header missing: 20211108-BTC deposit received-329.eml
Pattern missing: 20211011-ETH deposit received-449.eml
Header missing: 20211011-ETH deposit received-449.eml
Pattern missing: 20211117-BTC deposit received-297.eml
Header missing: 20211117-BTC deposit received-297.eml
Pattern missing: 20220720-ETH deposit received-41.eml
Header missing: 20220720-ETH deposit received-41.eml
Pattern missing: 20220812-ETH deposit received-13.eml
Header missing: 20220812-ETH deposit received-13.eml
Pattern missing: 20220228-USDC deposit received-209.eml
Header missing: 20220228-USDC deposit received-209.eml
Pattern missing: 20211125-BTC deposit received-269.eml
Header missing: 20211125-BTC deposit received-269.eml
Pattern missing: 20220719-ETH deposit received-47.eml
Header missing: 20220719-ETH deposit received-47.eml
Pattern missing: 20211027-BTC deposit received-393.eml
Header missing: 20211027-BTC deposit received-393.eml
Pattern missing: 20220525-USDT deposit received-153.eml
Header missing: 20220525-USDT deposit received-153.eml
Pattern missing: 20220525-BTC deposit received-150.eml
Header missing: 20220525-BTC deposit received-150.eml
Pattern missing: 20210909-USDT deposit received-517.eml
Header missing: 20210909-USDT deposit received-517.eml
Pattern missing: 20220729-BTC deposit received-29.eml
Header missing: 20220729-BTC deposit received-29.eml
Pattern missing: 20220127-USDC deposit received-219.eml
Header missing: 20220127-USDC deposit received-219.eml
Pattern missing: 20220530-BTC deposit received-147.eml
Header missing: 20220530-BTC deposit received-147.eml
Pattern missing: 20211211-BTC deposit received-246.eml
Header missing: 20211211-BTC deposit received-246.eml
Pattern missing: 20220623-USDC deposit received-112.eml
Header missing: 20220623-USDC deposit received-112.eml
Pattern missing: 20211109-BTC deposit received-325.eml
Header missing: 20211109-BTC deposit received-325.eml
Pattern missing: 20220122-USDT deposit received-224.eml
Header missing: 20220122-USDT deposit received-224.eml
Pattern missing: 20220728-USDP deposit received-33.eml
Header missing: 20220728-USDP deposit received-33.eml
Pattern missing: 20211112-USDC deposit received-311.eml
Header missing: 20211112-USDC deposit received-311.eml
Pattern missing: 20211017-BTC deposit received-429.eml
Header missing: 20211017-BTC deposit received-429.eml
Pattern missing: 20211107-BTC deposit received-337.eml
Header missing: 20211107-BTC deposit received-337.eml
Pattern missing: 20211120-USDC deposit received-287.eml
Header missing: 20211120-USDC deposit received-287.eml
Pattern missing: 20210927-BTC deposit received-492.eml
Header missing: 20210927-BTC deposit received-492.eml
Pattern missing: 20211018-USDC deposit received-427.eml
Header missing: 20211018-USDC deposit received-427.eml
Pattern missing: 20220406-UST deposit received-191.eml
Header missing: 20220406-UST deposit received-191.eml
Pattern missing: 20220504-UST deposit received-181.eml
Header missing: 20220504-UST deposit received-181.eml
Pattern missing: 20211022-ETH deposit received-396.eml
Header missing: 20211022-ETH deposit received-396.eml
Pattern missing: 20211007-BTC deposit received-465.eml
Header missing: 20211007-BTC deposit received-465.eml
Pattern missing: 20220320-UST deposit received-197.eml
Header missing: 20220320-UST deposit received-197.eml
Pattern missing: 20210918-BTC deposit received-501.eml
Header missing: 20210918-BTC deposit received-501.eml
Pattern missing: 20220728-USDC deposit received-38.eml
Header missing: 20220728-USDC deposit received-38.eml
Pattern missing: 20211222-USDC deposit received-239.eml
Header missing: 20211222-USDC deposit received-239.eml
Pattern missing: 20211106-BTC deposit received-340.eml
Header missing: 20211106-BTC deposit received-340.eml
Pattern missing: 20211030-USDT deposit received-378.eml
Header missing: 20211030-USDT deposit received-378.eml
Pattern missing: 20220621-BTC deposit received-116.eml
Header missing: 20220621-BTC deposit received-116.eml
Pattern missing: 20220910-USDC deposit received-7.eml
Header missing: 20220910-USDC deposit received-7.eml
Pattern missing: 20220728-USDC deposit received-37.eml
Header missing: 20220728-USDC deposit received-37.eml
Pattern missing: 20211028-BTC deposit received-389.eml
Header missing: 20211028-BTC deposit received-389.eml
Pattern missing: 20220704-USDC deposit received-88.eml
Header missing: 20220704-USDC deposit received-88.eml
Pattern missing: 20220103-BTC deposit received-235.eml
Header missing: 20220103-BTC deposit received-235.eml
Pattern missing: 20211109-BTC deposit received-326.eml
Header missing: 20211109-BTC deposit received-326.eml
Pattern missing: 20211109-BTC deposit received-322.eml
Header missing: 20211109-BTC deposit received-322.eml
Pattern missing: 20211101-BTC deposit received-370.eml
Header missing: 20211101-BTC deposit received-370.eml
Pattern missing: 20220730-USDC deposit received-27.eml
Header missing: 20220730-USDC deposit received-27.eml
Pattern missing: 20211031-SOL deposit received-376.eml
Header missing: 20211031-SOL deposit received-376.eml
Pattern missing: 20211122-ETH deposit received-279.eml
Header missing: 20211122-ETH deposit received-279.eml
Pattern missing: 20220705-BTC deposit received-82.eml
Header missing: 20220705-BTC deposit received-82.eml
Pattern missing: 20220613-USDC deposit received-134.eml
Header missing: 20220613-USDC deposit received-134.eml
Pattern missing: 20211020-BTC deposit received-412.eml
Header missing: 20211020-BTC deposit received-412.eml
Pattern missing: 20211009-BTC deposit received-455.eml
Header missing: 20211009-BTC deposit received-455.eml
Pattern missing: 20211117-BTC deposit received-295.eml
Header missing: 20211117-BTC deposit received-295.eml
Pattern missing: 20220706-USDC deposit received-75.eml
Header missing: 20220706-USDC deposit received-75.eml
Pattern missing: 20220807-USDT deposit received-16.eml
Header missing: 20220807-USDT deposit received-16.eml
Pattern missing: 20211016-BTC deposit received-436.eml
Header missing: 20211016-BTC deposit received-436.eml
Pattern missing: 20211109-BTC deposit received-323.eml
Header missing: 20211109-BTC deposit received-323.eml
Pattern missing: 20220626-USDC deposit received-106.eml
Header missing: 20220626-USDC deposit received-106.eml
Pattern missing: 20220706-USDC deposit received-76.eml
Header missing: 20220706-USDC deposit received-76.eml
Pattern missing: 20210919-USDT deposit received-500.eml
Header missing: 20210919-USDT deposit received-500.eml
Pattern missing: 20220513-ETH deposit received-167.eml
Header missing: 20220513-ETH deposit received-167.eml
Pattern missing: 20220703-PAXG deposit received-93.eml
Header missing: 20220703-PAXG deposit received-93.eml
Pattern missing: 20211019-BTC deposit received-420.eml
Header missing: 20211019-BTC deposit received-420.eml
Pattern missing: 20211030-BTC deposit received-380.eml
Header missing: 20211030-BTC deposit received-380.eml
Pattern missing: 20211111-USDC deposit received-316.eml
Header missing: 20211111-USDC deposit received-316.eml
Pattern missing: 20220621-BTC deposit received-117.eml
Header missing: 20220621-BTC deposit received-117.eml
Pattern missing: 20211004-BTC deposit received-469.eml
Header missing: 20211004-BTC deposit received-469.eml
Pattern missing: 20220307-USDC deposit received-204.eml
Header missing: 20220307-USDC deposit received-204.eml
Pattern missing: 20220121-BTC deposit received-227.eml
Header missing: 20220121-BTC deposit received-227.eml
Pattern missing: 20211114-BTC deposit received-305.eml
Header missing: 20211114-BTC deposit received-305.eml
Pattern missing: 20220121-ETH deposit received-228.eml
Header missing: 20220121-ETH deposit received-228.eml
Pattern missing: 20211109-BTC deposit received-327.eml
Header missing: 20211109-BTC deposit received-327.eml
Pattern missing: 20211017-BTC deposit received-428.eml
Header missing: 20211017-BTC deposit received-428.eml
Pattern missing: 20220704-USDC deposit received-91.eml
Header missing: 20220704-USDC deposit received-91.eml
Pattern missing: 20220510-USDT deposit received-171.eml
Header missing: 20220510-USDT deposit received-171.eml
Pattern missing: 20220923-BUSD deposit received-1.eml
Header missing: 20220923-BUSD deposit received-1.eml
Pattern missing: 20220704-BTC deposit received-84.eml
Header missing: 20220704-BTC deposit received-84.eml
Pattern missing: 20211013-ETH deposit received-444.eml
Header missing: 20211013-ETH deposit received-444.eml
Pattern missing: 20220804-USDP deposit received-22.eml
Header missing: 20220804-USDP deposit received-22.eml
Pattern missing: 20211103-BTC deposit received-360.eml
Header missing: 20211103-BTC deposit received-360.eml
Pattern missing: 20220119-ETH deposit received-231.eml
Header missing: 20220119-ETH deposit received-231.eml
Pattern missing: 20210916-USDC deposit received-503.eml
Header missing: 20210916-USDC deposit received-503.eml
Pattern missing: 20211104-BTC deposit received-353.eml
Header missing: 20211104-BTC deposit received-353.eml
Pattern missing: 20220707-USDC deposit received-73.eml
Header missing: 20220707-USDC deposit received-73.eml
Pattern missing: 20211019-USDC deposit received-415.eml
Header missing: 20211019-USDC deposit received-415.eml
Pattern missing: 20220714-BTC deposit received-52.eml
Header missing: 20220714-BTC deposit received-52.eml
Pattern missing: 20220702-ETH deposit received-95.eml
Header missing: 20220702-ETH deposit received-95.eml
Pattern missing: 20220212-BTC deposit received-214.eml
Header missing: 20220212-BTC deposit received-214.eml
Pattern missing: 20211030-USDT deposit received-383.eml
Header missing: 20211030-USDT deposit received-383.eml
Pattern missing: 20220626-USDC deposit received-101.eml
Header missing: 20220626-USDC deposit received-101.eml
Pattern missing: 20220529-USDC deposit received-148.eml
Header missing: 20220529-USDC deposit received-148.eml
Pattern missing: 20211113-USDC deposit received-308.eml
Header missing: 20211113-USDC deposit received-308.eml
Pattern missing: 20211227-BTC deposit received-237.eml
Header missing: 20211227-BTC deposit received-237.eml
Pattern missing: 20220127-USDT deposit received-218.eml
Header missing: 20220127-USDT deposit received-218.eml
Pattern missing: 20220701-USDC deposit received-97.eml
Header missing: 20220701-USDC deposit received-97.eml
Pattern missing: 20211003-BTC deposit received-473.eml
Header missing: 20211003-BTC deposit received-473.eml
Pattern missing: 20211110-BTC deposit received-320.eml
Header missing: 20211110-BTC deposit received-320.eml
Pattern missing: 20220714-BTC deposit received-51.eml
Header missing: 20220714-BTC deposit received-51.eml
Pattern missing: 20211018-BTC deposit received-425.eml
Header missing: 20211018-BTC deposit received-425.eml
Pattern missing: 20220429-USDC deposit received-188.eml
Header missing: 20220429-USDC deposit received-188.eml
Pattern missing: 20211021-ETH deposit received-407.eml
Header missing: 20211021-ETH deposit received-407.eml
Pattern missing: 20210928-BTC deposit received-489.eml
Header missing: 20210928-BTC deposit received-489.eml
Pattern missing: 20210908-BTC deposit received-519.eml
Header missing: 20210908-BTC deposit received-519.eml
Pattern missing: 20211101-BTC deposit received-367.eml
Header missing: 20211101-BTC deposit received-367.eml
Pattern missing: 20220330-LUNA deposit received-194.eml
Header missing: 20220330-LUNA deposit received-194.eml
Pattern missing: 20211123-USDC deposit received-276.eml
Header missing: 20211123-USDC deposit received-276.eml
Pattern missing: 20211020-BTC deposit received-410.eml
Header missing: 20211020-BTC deposit received-410.eml
Pattern missing: 20220702-USDC deposit received-94.eml
Header missing: 20220702-USDC deposit received-94.eml
Pattern missing: 20220525-USDT deposit received-152.eml
Header missing: 20220525-USDT deposit received-152.eml
Pattern missing: 20211019-BTC deposit received-419.eml
Header missing: 20211019-BTC deposit received-419.eml
Pattern missing: 20211008-BTC deposit received-463.eml
Header missing: 20211008-BTC deposit received-463.eml
Pattern missing: 20220626-USDC deposit received-105.eml
Header missing: 20220626-USDC deposit received-105.eml
Pattern missing: 20211019-USDC deposit received-417.eml
Header missing: 20211019-USDC deposit received-417.eml
Pattern missing: 20211020-BTC deposit received-413.eml
Header missing: 20211020-BTC deposit received-413.eml
Pattern missing: 20210915-USDT deposit received-505.eml
Header missing: 20210915-USDT deposit received-505.eml
Pattern missing: 20211025-BTC deposit received-394.eml
Header missing: 20211025-BTC deposit received-394.eml
Pattern missing: 20211022-ETH deposit received-398.eml
Header missing: 20211022-ETH deposit received-398.eml
Pattern missing: 20211022-BTC deposit received-401.eml
Header missing: 20211022-BTC deposit received-401.eml
Pattern missing: 20220712-USDC deposit received-68.eml
Header missing: 20220712-USDC deposit received-68.eml
Pattern missing: 20211021-BTC deposit received-404.eml
Header missing: 20211021-BTC deposit received-404.eml
Pattern missing: 20211114-BTC deposit received-304.eml
Header missing: 20211114-BTC deposit received-304.eml
Pattern missing: 20211012-ETH deposit received-448.eml
Header missing: 20211012-ETH deposit received-448.eml
Pattern missing: 20220617-USDC deposit received-126.eml
Header missing: 20220617-USDC deposit received-126.eml
Pattern missing: 20220228-USDT deposit received-208.eml
Header missing: 20220228-USDT deposit received-208.eml
Pattern missing: 20220718-BUSD deposit received-48.eml
Header missing: 20220718-BUSD deposit received-48.eml
Pattern missing: 20210907-USDT deposit received-522.eml
Header missing: 20210907-USDT deposit received-522.eml
Pattern missing: 20220616-USDT deposit received-127.eml
Header missing: 20220616-USDT deposit received-127.eml
Pattern missing: 20220624-BTC deposit received-109.eml
Header missing: 20220624-BTC deposit received-109.eml
Pattern missing: 20220510-UST deposit received-177.eml
Header missing: 20220510-UST deposit received-177.eml
Pattern missing: 20211102-BTC deposit received-366.eml
Header missing: 20211102-BTC deposit received-366.eml
Pattern missing: 20211104-BTC deposit received-352.eml
Header missing: 20211104-BTC deposit received-352.eml
Pattern missing: 20220730-USDC deposit received-26.eml
Header missing: 20220730-USDC deposit received-26.eml
Pattern missing: 20211201-USDC deposit received-255.eml
Header missing: 20211201-USDC deposit received-255.eml
Pattern missing: 20211001-BTC deposit received-478.eml
Header missing: 20211001-BTC deposit received-478.eml
Pattern missing: 20211103-BTC deposit received-358.eml
Header missing: 20211103-BTC deposit received-358.eml
Pattern missing: 20211010-BTC deposit received-454.eml
Header missing: 20211010-BTC deposit received-454.eml
Pattern missing: 20210916-USDT deposit received-504.eml
Header missing: 20210916-USDT deposit received-504.eml
Pattern missing: 20211112-USDC deposit received-313.eml
Header missing: 20211112-USDC deposit received-313.eml
Pattern missing: 20211124-USDC deposit received-273.eml
Header missing: 20211124-USDC deposit received-273.eml
Pattern missing: 20220807-BTC deposit received-18.eml
Header missing: 20220807-BTC deposit received-18.eml
Pattern missing: 20211101-BTC deposit received-371.eml
Header missing: 20211101-BTC deposit received-371.eml
Pattern missing: 20210911-RAY deposit received-512.eml
Header missing: 20210911-RAY deposit received-512.eml
Pattern missing: 20220316-USDT deposit received-199.eml
Header missing: 20220316-USDT deposit received-199.eml
Pattern missing: 20211115-BTC deposit received-302.eml
Header missing: 20211115-BTC deposit received-302.eml
Pattern missing: 20211028-BTC deposit received-388.eml
Header missing: 20211028-BTC deposit received-388.eml
Pattern missing: 20220503-BTC deposit received-185.eml
Header missing: 20220503-BTC deposit received-185.eml
Pattern missing: 20220714-BTC deposit received-53.eml
Header missing: 20220714-BTC deposit received-53.eml
Pattern missing: 20220623-USDC deposit received-113.eml
Header missing: 20220623-USDC deposit received-113.eml
Pattern missing: 20220510-UST deposit received-176.eml
Header missing: 20220510-UST deposit received-176.eml
Pattern missing: 20220729-BTC deposit received-28.eml
Header missing: 20220729-BTC deposit received-28.eml
Pattern missing: 20220728-USDC deposit received-31.eml
Header missing: 20220728-USDC deposit received-31.eml
Pattern missing: 20220321-UST deposit received-196.eml
Header missing: 20220321-UST deposit received-196.eml
Pattern missing: 20211008-USDT deposit received-460.eml
Header missing: 20211008-USDT deposit received-460.eml
Pattern missing: 20211008-BTC deposit received-462.eml
Header missing: 20211008-BTC deposit received-462.eml
Pattern missing: 20220614-USDC deposit received-132.eml
Header missing: 20220614-USDC deposit received-132.eml
Pattern missing: 20211203-USDC deposit received-250.eml
Header missing: 20211203-USDC deposit received-250.eml
Pattern missing: 20220708-BTC deposit received-71.eml
Header missing: 20220708-BTC deposit received-71.eml
Pattern missing: 20211104-BTC deposit received-355.eml
Header missing: 20211104-BTC deposit received-355.eml
Pattern missing: 20210915-SRM deposit received-507.eml
Header missing: 20210915-SRM deposit received-507.eml
Pattern missing: 20211111-BTC deposit received-318.eml
Header missing: 20211111-BTC deposit received-318.eml
Pattern missing: 20211103-BTC deposit received-361.eml
Header missing: 20211103-BTC deposit received-361.eml
Pattern missing: 20220713-TRX deposit received-59.eml
Header missing: 20220713-TRX deposit received-59.eml
Pattern missing: 20210917-USDT deposit received-502.eml
Header missing: 20210917-USDT deposit received-502.eml
Pattern missing: 20210908-USDT deposit received-520.eml
Header missing: 20210908-USDT deposit received-520.eml
Pattern missing: 20210904-USDT deposit received-526.eml
Header missing: 20210904-USDT deposit received-526.eml
Pattern missing: 20220122-USDT deposit received-225.eml
Header missing: 20220122-USDT deposit received-225.eml
Pattern missing: 20211130-USDC deposit received-258.eml
Header missing: 20211130-USDC deposit received-258.eml
Pattern missing: 20211127-USDC deposit received-264.eml
Header missing: 20211127-USDC deposit received-264.eml
Pattern missing: 20220704-USDC deposit received-90.eml
Header missing: 20220704-USDC deposit received-90.eml
Pattern missing: 20220315-USDT deposit received-200.eml
Header missing: 20220315-USDT deposit received-200.eml
Pattern missing: 20220720-BUSD deposit received-39.eml
Header missing: 20220720-BUSD deposit received-39.eml
Pattern missing: 20220514-USDC deposit received-164.eml
Header missing: 20220514-USDC deposit received-164.eml
Pattern missing: 20220812-BTC deposit received-12.eml
Header missing: 20220812-BTC deposit received-12.eml
Pattern missing: 20220627-USDC deposit received-99.eml
Header missing: 20220627-USDC deposit received-99.eml
Pattern missing: 20211203-USDC deposit received-249.eml
Header missing: 20211203-USDC deposit received-249.eml
Pattern missing: 20211016-USDT deposit received-434.eml
Header missing: 20211016-USDT deposit received-434.eml
Pattern missing: 20220719-BTC deposit received-46.eml
Header missing: 20220719-BTC deposit received-46.eml
Pattern missing: 20220613-ETH deposit received-137.eml
Header missing: 20220613-ETH deposit received-137.eml
Pattern missing: 20220704-USDC deposit received-92.eml
Header missing: 20220704-USDC deposit received-92.eml
Pattern missing: 20211201-USDC deposit received-254.eml
Header missing: 20211201-USDC deposit received-254.eml
Pattern missing: 20211029-BTC deposit received-384.eml
Header missing: 20211029-BTC deposit received-384.eml
Pattern missing: 20220704-BTC deposit received-85.eml
Header missing: 20220704-BTC deposit received-85.eml
Pattern missing: 20211112-MSOL deposit received-310.eml
Header missing: 20211112-MSOL deposit received-310.eml
Pattern missing: 20211012-ETH deposit received-446.eml
Header missing: 20211012-ETH deposit received-446.eml
Pattern missing: 20210927-USDC deposit received-493.eml
Header missing: 20210927-USDC deposit received-493.eml
Pattern missing: 20211001-BTC deposit received-480.eml
Header missing: 20211001-BTC deposit received-480.eml
Pattern missing: 20220806-USDT deposit received-19.eml
Header missing: 20220806-USDT deposit received-19.eml
Pattern missing: 20211115-BTC deposit received-303.eml
Header missing: 20211115-BTC deposit received-303.eml
Pattern missing: 20211030-BTC deposit received-379.eml
Header missing: 20211030-BTC deposit received-379.eml
Pattern missing: 20220806-ETH deposit received-21.eml
Header missing: 20220806-ETH deposit received-21.eml
Pattern missing: 20220510-USDT deposit received-173.eml
Header missing: 20220510-USDT deposit received-173.eml
Pattern missing: 20220127-USDT deposit received-220.eml
Header missing: 20220127-USDT deposit received-220.eml
Pattern missing: 20211013-ETH deposit received-443.eml
Header missing: 20211013-ETH deposit received-443.eml
Pattern missing: 20211124-USDC deposit received-270.eml
Header missing: 20211124-USDC deposit received-270.eml
Pattern missing: 20220527-USDC deposit received-149.eml
Header missing: 20220527-USDC deposit received-149.eml
Pattern missing: 20211208-USDC deposit received-247.eml
Header missing: 20211208-USDC deposit received-247.eml
Pattern missing: 20220713-USDT deposit received-65.eml
Header missing: 20220713-USDT deposit received-65.eml
Pattern missing: 20211106-BTC deposit received-344.eml
Header missing: 20211106-BTC deposit received-344.eml
Pattern missing: 20211128-USDC deposit received-263.eml
Header missing: 20211128-USDC deposit received-263.eml
Pattern missing: 20211029-BTC deposit received-385.eml
Header missing: 20211029-BTC deposit received-385.eml
Pattern missing: 20211104-BTC deposit received-354.eml
Header missing: 20211104-BTC deposit received-354.eml
Pattern missing: 20211017-BTC deposit received-430.eml
Header missing: 20211017-BTC deposit received-430.eml
Pattern missing: 20220121-USDT deposit received-226.eml
Header missing: 20220121-USDT deposit received-226.eml
Pattern missing: 20220713-TRX deposit received-63.eml
Header missing: 20220713-TRX deposit received-63.eml
Pattern missing: 20220713-USDC deposit received-55.eml
Header missing: 20220713-USDC deposit received-55.eml
Pattern missing: 20211216-USDC deposit received-243.eml
Header missing: 20211216-USDC deposit received-243.eml
Pattern missing: 20220713-USDP deposit received-58.eml
Header missing: 20220713-USDP deposit received-58.eml
Pattern missing: 20211129-USDC deposit received-259.eml
Header missing: 20211129-USDC deposit received-259.eml
Pattern missing: 20220513-ETH deposit received-168.eml
Header missing: 20220513-ETH deposit received-168.eml
Pattern missing: 20220124-USDT deposit received-223.eml
Header missing: 20220124-USDT deposit received-223.eml
Pattern missing: 20220103-ETH deposit received-236.eml
Header missing: 20220103-ETH deposit received-236.eml
Pattern missing: 20211017-USDT deposit received-431.eml
Header missing: 20211017-USDT deposit received-431.eml
Pattern missing: 20211112-USDC deposit received-314.eml
Header missing: 20211112-USDC deposit received-314.eml
Pattern missing: 20211110-BTC deposit received-321.eml
Header missing: 20211110-BTC deposit received-321.eml
Pattern missing: 20210930-BTC deposit received-482.eml
Header missing: 20210930-BTC deposit received-482.eml
Pattern missing: 20211017-BTC deposit received-432.eml
Header missing: 20211017-BTC deposit received-432.eml
Pattern missing: 20220607-USDC deposit received-142.eml
Header missing: 20220607-USDC deposit received-142.eml
Pattern missing: 20211109-SOL deposit received-324.eml
Header missing: 20211109-SOL deposit received-324.eml
Pattern missing: 20211102-BTC deposit received-364.eml
Header missing: 20211102-BTC deposit received-364.eml
Pattern missing: 20211109-BTC deposit received-328.eml
Header missing: 20211109-BTC deposit received-328.eml
Pattern missing: 20211111-USDC deposit received-317.eml
Header missing: 20211111-USDC deposit received-317.eml
Pattern missing: 20211107-BTC deposit received-335.eml
Header missing: 20211107-BTC deposit received-335.eml
Pattern missing: 20211121-USDC deposit received-283.eml
Header missing: 20211121-USDC deposit received-283.eml
Pattern missing: 20211123-USDC deposit received-278.eml
Header missing: 20211123-USDC deposit received-278.eml
Pattern missing: 20220108-USDT deposit received-234.eml
Header missing: 20220108-USDT deposit received-234.eml
Pattern missing: 20210914-BTC deposit received-508.eml
Header missing: 20210914-BTC deposit received-508.eml
Pattern missing: 20220704-ETH deposit received-86.eml
Header missing: 20220704-ETH deposit received-86.eml
Pattern missing: 20211123-BTC deposit received-275.eml
Header missing: 20211123-BTC deposit received-275.eml
Pattern missing: 20211006-BTC deposit received-467.eml
Header missing: 20211006-BTC deposit received-467.eml
Pattern missing: 20220510-USDC deposit received-172.eml
Header missing: 20220510-USDC deposit received-172.eml
Pattern missing: 20211019-BTC deposit received-421.eml
Header missing: 20211019-BTC deposit received-421.eml
Pattern missing: 20220228-USDC deposit received-210.eml
Header missing: 20220228-USDC deposit received-210.eml
Pattern missing: 20220706-USDC deposit received-77.eml
Header missing: 20220706-USDC deposit received-77.eml
Pattern missing: 20220403-BTC deposit received-192.eml
Header missing: 20220403-BTC deposit received-192.eml
Pattern missing: 20220210-USDC deposit received-215.eml
Header missing: 20220210-USDC deposit received-215.eml
Pattern missing: 20210921-USDT deposit received-499.eml
Header missing: 20210921-USDT deposit received-499.eml
Pattern missing: 20211103-USDT deposit received-356.eml
Header missing: 20211103-USDT deposit received-356.eml
Pattern missing: 20211014-ETH deposit received-441.eml
Header missing: 20211014-ETH deposit received-441.eml
Pattern missing: 20211106-MSOL deposit received-342.eml
Header missing: 20211106-MSOL deposit received-342.eml
Pattern missing: 20211011-BTC deposit received-450.eml
Header missing: 20211011-BTC deposit received-450.eml
Pattern missing: 20210906-USDT deposit received-524.eml
Header missing: 20210906-USDT deposit received-524.eml
Pattern missing: 20211015-BTC deposit received-438.eml
Header missing: 20211015-BTC deposit received-438.eml
Pattern missing: 20220624-USDC deposit received-108.eml
Header missing: 20220624-USDC deposit received-108.eml
Pattern missing: 20211103-BTC deposit received-359.eml
Header missing: 20211103-BTC deposit received-359.eml
Pattern missing: 20220720-SOL deposit received-42.eml
Header missing: 20220720-SOL deposit received-42.eml
Pattern missing: 20210929-BTC deposit received-483.eml
Header missing: 20210929-BTC deposit received-483.eml
Pattern missing: 20211010-BTC deposit received-451.eml
Header missing: 20211010-BTC deposit received-451.eml
Pattern missing: 20211112-SPELL deposit received-309.eml
Header missing: 20211112-SPELL deposit received-309.eml
Pattern missing: 20220713-TRX deposit received-61.eml
Header missing: 20220713-TRX deposit received-61.eml
Pattern missing: 20211030-ETH deposit received-381.eml
Header missing: 20211030-ETH deposit received-381.eml
Pattern missing: 20220604-USDC deposit received-143.eml
Header missing: 20220604-USDC deposit received-143.eml
Pattern missing: 20220910-USDP deposit received-6.eml
Header missing: 20220910-USDP deposit received-6.eml
Pattern missing: 20220614-PAXG deposit received-133.eml
Header missing: 20220614-PAXG deposit received-133.eml
Pattern missing: 20211120-USDT deposit received-285.eml
Header missing: 20211120-USDT deposit received-285.eml
Pattern missing: 20211111-USDC deposit received-315.eml
Header missing: 20211111-USDC deposit received-315.eml
Pattern missing: 20220803-BUSD deposit received-23.eml
Header missing: 20220803-BUSD deposit received-23.eml
Pattern missing: 20211023-USDT deposit received-395.eml
Header missing: 20211023-USDT deposit received-395.eml
Pattern missing: 20211028-BTC deposit received-391.eml
Header missing: 20211028-BTC deposit received-391.eml
Pattern missing: 20211003-BTC deposit received-470.eml
Header missing: 20211003-BTC deposit received-470.eml
Pattern missing: 20220518-ETH deposit received-160.eml
Header missing: 20220518-ETH deposit received-160.eml
Pattern missing: 20220403-BTC deposit received-193.eml
Header missing: 20220403-BTC deposit received-193.eml
Pattern missing: 20220623-USDC deposit received-111.eml
Header missing: 20220623-USDC deposit received-111.eml
Pattern missing: 20220616-BTC deposit received-128.eml
Header missing: 20220616-BTC deposit received-128.eml
Pattern missing: 20220519-USDC deposit received-159.eml
Header missing: 20220519-USDC deposit received-159.eml
Pattern missing: 20211118-USDC deposit received-293.eml
Header missing: 20211118-USDC deposit received-293.eml
Pattern missing: 20220719-BUSD deposit received-45.eml
Header missing: 20220719-BUSD deposit received-45.eml
Pattern missing: 20220706-USDP deposit received-74.eml
Header missing: 20220706-USDP deposit received-74.eml
Pattern missing: 20211021-BTC deposit received-405.eml
Header missing: 20211021-BTC deposit received-405.eml
Pattern missing: 20220626-USDC deposit received-104.eml
Header missing: 20220626-USDC deposit received-104.eml
Pattern missing: 20211105-BTC deposit received-351.eml
Header missing: 20211105-BTC deposit received-351.eml
Pattern missing: 20220916-USDC deposit received-4.eml
Header missing: 20220916-USDC deposit received-4.eml
Pattern missing: 20220430-USDC deposit received-187.eml
Header missing: 20220430-USDC deposit received-187.eml
Pattern missing: 20210928-BTC deposit received-488.eml
Header missing: 20210928-BTC deposit received-488.eml
Pattern missing: 20220713-TRX deposit received-60.eml
Header missing: 20220713-TRX deposit received-60.eml
Pattern missing: 20211130-USDC deposit received-256.eml
Header missing: 20211130-USDC deposit received-256.eml
Pattern missing: 20220713-USDC deposit received-54.eml
Header missing: 20220713-USDC deposit received-54.eml
Pattern missing: 20211120-USDC deposit received-286.eml
Header missing: 20211120-USDC deposit received-286.eml
Pattern missing: 20211128-USDC deposit received-262.eml
Header missing: 20211128-USDC deposit received-262.eml
Pattern missing: 20211123-USDC deposit received-274.eml
Header missing: 20211123-USDC deposit received-274.eml
Pattern missing: 20210913-BTC deposit received-511.eml
Header missing: 20210913-BTC deposit received-511.eml
Pattern missing: 20211029-BTC deposit received-387.eml
Header missing: 20211029-BTC deposit received-387.eml
Pattern missing: 20211105-ETH deposit received-350.eml
Header missing: 20211105-ETH deposit received-350.eml
Pattern missing: 20210909-BTC deposit received-518.eml
Header missing: 20210909-BTC deposit received-518.eml
Pattern missing: 20211021-BTC deposit received-403.eml
Header missing: 20211021-BTC deposit received-403.eml
Pattern missing: 20220228-USDT deposit received-207.eml
Header missing: 20220228-USDT deposit received-207.eml
Pattern missing: 20220308-USDC deposit received-202.eml
Header missing: 20220308-USDC deposit received-202.eml
Pattern missing: 20220501-USDC deposit received-186.eml
Header missing: 20220501-USDC deposit received-186.eml
Pattern missing: 20220530-BTC deposit received-145.eml
Header missing: 20220530-BTC deposit received-145.eml
Pattern missing: 20220626-USDC deposit received-103.eml
Header missing: 20220626-USDC deposit received-103.eml
Pattern missing: 20220510-UST deposit received-174.eml
Header missing: 20220510-UST deposit received-174.eml
Pattern missing: 20211003-USDT deposit received-472.eml
Header missing: 20211003-USDT deposit received-472.eml
Pattern missing: 20211009-BTC deposit received-458.eml
Header missing: 20211009-BTC deposit received-458.eml
Pattern missing: 20210910-BTC deposit received-515.eml
Header missing: 20210910-BTC deposit received-515.eml
Pattern missing: 20220301-USDC deposit received-205.eml
Header missing: 20220301-USDC deposit received-205.eml
Pattern missing: 20211129-USDC deposit received-261.eml
Header missing: 20211129-USDC deposit received-261.eml
Pattern missing: 20220622-USDC deposit received-114.eml
Header missing: 20220622-USDC deposit received-114.eml
Pattern missing: 20220411-USDT deposit received-189.eml
Header missing: 20220411-USDT deposit received-189.eml
Pattern missing: 20211101-BTC deposit received-369.eml
Header missing: 20211101-BTC deposit received-369.eml
Pattern missing: 20211019-BTC deposit received-422.eml
Header missing: 20211019-BTC deposit received-422.eml
Pattern missing: 20211012-ETH deposit received-447.eml
Header missing: 20211012-ETH deposit received-447.eml
Pattern missing: 20211119-USDC deposit received-291.eml
Header missing: 20211119-USDC deposit received-291.eml
Pattern missing: 20211102-BTC deposit received-362.eml
Header missing: 20211102-BTC deposit received-362.eml
Pattern missing: 20220511-USDT deposit received-169.eml
Header missing: 20220511-USDT deposit received-169.eml
Pattern missing: 20220916-USDC deposit received-3.eml
Header missing: 20220916-USDC deposit received-3.eml
Pattern missing: 20220613-USDC deposit received-135.eml
Header missing: 20220613-USDC deposit received-135.eml
Pattern missing: 20220608-PAXG deposit received-140.eml
Header missing: 20220608-PAXG deposit received-140.eml
Pattern missing: 20210924-USDT deposit received-496.eml
Header missing: 20210924-USDT deposit received-496.eml
Pattern missing: 20220128-ETH deposit received-217.eml
Header missing: 20220128-ETH deposit received-217.eml
Pattern missing: 20220503-BTC deposit received-184.eml
Header missing: 20220503-BTC deposit received-184.eml
Pattern missing: 20211116-BTC deposit received-300.eml
Header missing: 20211116-BTC deposit received-300.eml
Pattern missing: 20220910-USDP deposit received-5.eml
Header missing: 20220910-USDP deposit received-5.eml
Pattern missing: 20220923-BUSD deposit received-2.eml
Header missing: 20220923-BUSD deposit received-2.eml
Pattern missing: 20211203-USDC deposit received-248.eml
Header missing: 20211203-USDC deposit received-248.eml
Pattern missing: 20220210-USDC deposit received-216.eml
Header missing: 20220210-USDC deposit received-216.eml
Pattern missing: 20211202-USDC deposit received-251.eml
Header missing: 20211202-USDC deposit received-251.eml
Pattern missing: 20220728-USDP deposit received-34.eml
Header missing: 20220728-USDP deposit received-34.eml
Pattern missing: 20210904-USDC deposit received-527.eml
Header missing: 20210904-USDC deposit received-527.eml
Pattern missing: 20211102-BTC deposit received-365.eml
Header missing: 20211102-BTC deposit received-365.eml
Pattern missing: 20211018-USDT deposit received-426.eml
Header missing: 20211018-USDT deposit received-426.eml
Pattern missing: 20220729-ETH deposit received-30.eml
Header missing: 20220729-ETH deposit received-30.eml
Pattern missing: 20211226-ETH deposit received-238.eml
Header missing: 20211226-ETH deposit received-238.eml
Pattern missing: 20211108-BTC deposit received-331.eml
Header missing: 20211108-BTC deposit received-331.eml
Pattern missing: 20220626-USDC deposit received-100.eml
Header missing: 20220626-USDC deposit received-100.eml
Pattern missing: 20220618-USDC deposit received-123.eml
Header missing: 20220618-USDC deposit received-123.eml
Pattern missing: 20211116-BTC deposit received-298.eml
Header missing: 20211116-BTC deposit received-298.eml
Pattern missing: 20211108-BTC deposit received-332.eml
Header missing: 20211108-BTC deposit received-332.eml
Pattern missing: 20220531-USDC deposit received-144.eml
Header missing: 20220531-USDC deposit received-144.eml
Pattern missing: 20210907-USDC deposit received-523.eml
Header missing: 20210907-USDC deposit received-523.eml
Pattern missing: 20220519-USDC deposit received-157.eml
Header missing: 20220519-USDC deposit received-157.eml
Pattern missing: 20211031-BTC deposit received-375.eml
Header missing: 20211031-BTC deposit received-375.eml
Pattern missing: 20211107-BTC deposit received-334.eml
Header missing: 20211107-BTC deposit received-334.eml
Pattern missing: 20220515-BTC deposit received-161.eml
Header missing: 20220515-BTC deposit received-161.eml
Pattern missing: 20211107-BTC deposit received-338.eml
Header missing: 20211107-BTC deposit received-338.eml
Pattern missing: 20210913-USDT deposit received-509.eml
Header missing: 20210913-USDT deposit received-509.eml
Pattern missing: 20211028-BTC deposit received-390.eml
Header missing: 20211028-BTC deposit received-390.eml
Pattern missing: 20211020-BTC deposit received-414.eml
Header missing: 20211020-BTC deposit received-414.eml
Pattern missing: 20220510-UST deposit received-180.eml
Header missing: 20220510-UST deposit received-180.eml
Pattern missing: 20211017-BTC deposit received-433.eml
Header missing: 20211017-BTC deposit received-433.eml
Pattern missing: 20211119-USDC deposit received-288.eml
Header missing: 20211119-USDC deposit received-288.eml
Pattern missing: 20220713-BTC deposit received-66.eml
Header missing: 20220713-BTC deposit received-66.eml
Pattern missing: 20220510-USDC deposit received-170.eml
Header missing: 20220510-USDC deposit received-170.eml
Pattern missing: 20211103-USDT deposit received-357.eml
Header missing: 20211103-USDT deposit received-357.eml
Pattern missing: 20211016-BTC deposit received-435.eml
Header missing: 20211016-BTC deposit received-435.eml
Pattern missing: 20211113-USDT deposit received-307.eml
Header missing: 20211113-USDT deposit received-307.eml
Pattern missing: 20220120-USDC deposit received-230.eml
Header missing: 20220120-USDC deposit received-230.eml
Pattern missing: 20220910-BUSD deposit received-9.eml
Header missing: 20220910-BUSD deposit received-9.eml
Pattern missing: 20220615-USDC deposit received-129.eml
Header missing: 20220615-USDC deposit received-129.eml
Pattern missing: 20220127-USDC deposit received-221.eml
Header missing: 20220127-USDC deposit received-221.eml
Pattern missing: 20220810-USDC deposit received-15.eml
Header missing: 20220810-USDC deposit received-15.eml
Pattern missing: 20211218-USDT deposit received-242.eml
Header missing: 20211218-USDT deposit received-242.eml
Pattern missing: 20220621-ETH deposit received-118.eml
Header missing: 20220621-ETH deposit received-118.eml
Pattern missing: 20211105-BTC deposit received-346.eml
Header missing: 20211105-BTC deposit received-346.eml
Pattern missing: 20220710-USDC deposit received-69.eml
Header missing: 20220710-USDC deposit received-69.eml
Pattern missing: 20211010-BTC deposit received-452.eml
Header missing: 20211010-BTC deposit received-452.eml
Pattern missing: 20220622-USDC deposit received-115.eml
Header missing: 20220622-USDC deposit received-115.eml
Pattern missing: 20220319-UST deposit received-198.eml
Header missing: 20220319-UST deposit received-198.eml
Pattern missing: 20220617-USDC deposit received-124.eml
Header missing: 20220617-USDC deposit received-124.eml
Pattern missing: 20220708-ETH deposit received-72.eml
Header missing: 20220708-ETH deposit received-72.eml
Pattern missing: 20220714-USDT deposit received-50.eml
Header missing: 20220714-USDT deposit received-50.eml
Pattern missing: 20220803-USDC deposit received-24.eml
Header missing: 20220803-USDC deposit received-24.eml
Pattern missing: 20211108-BTC deposit received-330.eml
Header missing: 20211108-BTC deposit received-330.eml
Pattern missing: 20210928-BTC deposit received-487.eml
Header missing: 20210928-BTC deposit received-487.eml
Pattern missing: 20210929-BTC deposit received-484.eml
Header missing: 20210929-BTC deposit received-484.eml
Pattern missing: 20211031-BTC deposit received-374.eml
Header missing: 20211031-BTC deposit received-374.eml
Pattern missing: 20220629-USDC deposit received-98.eml
Header missing: 20220629-USDC deposit received-98.eml
Pattern missing: 20211014-ETH deposit received-442.eml
Header missing: 20211014-ETH deposit received-442.eml
